
--- NEW SESSION: 17/05/2024 09:47:36 ---
/LowResSolution2D/grid.trianglesGroups =   -1 0 1   -1 1 1   -1 2 1   -1 3 1   -1 4 1   -1 5 1   -1 6 1   -1 7 1   -1 8 1   -1 9 1   -1 10 1   -1 11 1   -1 12 1   -1 13 1   -1 14 1   -1 15 1   -1 16 1   -1 17 1   -1 18 1   -1 19 1   -1 20 1   -1 21 1   -1 22 1   -1 23 1   -1 24 1   -1 25 1   -1 26 1   -1 27 1   -1 28 1   -1 29 1   -1 30 1   -1 31 1   -1 32 1   -1 33 1   -1 34 1   -1 35 1   -1 36 1   -1 37 1   -1 38 1   -1 39 1   -1 40 1   -1 41 1   -1 42 1   -1 43 1   -1 44 1   -1 45 1   -1 46 1   -1 47 1   -1 48 1   -1 49 1   -1 50 1   -1 51 1   -1 52 1   -1 53 1   -1 54 1   -1 55 1   -1 56 1   -1 57 1   -1 58 1   -1 59 1   -1 60 1   -1 61 1   -1 62 1   -1 63 1   -1 64 1   -1 65 1   -1 66 1   -1 67 1   -1 68 1   -1 69 1   -1 70 1   -1 71 1   -1 72 1   -1 73 1   -1 74 1   -1 75 1   -1 76 1   -1 77 1   -1 78 1   -1 79 1   -1 80 1   -1 81 1   -1 82 1   -1 83 1   -1 84 1   -1 85 1   -1 86 1   -1 87 1   -1 88 1   -1 89 1   -1 90 1   -1 91 1   -1 92 1   -1 93 1   -1 94 1   -1 95 1   -1 96 1   -1 97 1   -1 98 1   -1 99 1   -1 100 1   -1 101 1   -1 102 1   -1 103 1   -1 104 1   -1 105 1   -1 106 1   -1 107 1   -1 108 1   -1 109 1   -1 110 1   -1 111 1   -1 112 1   -1 113 1   -1 114 1   -1 115 1   -1 116 1   -1 117 1   -1 118 1   -1 119 1   -1 120 1   -1 121 1
/LowResSolution2D/DOFs.showColor = 1 1 1 1

--- NEW SESSION: 17/05/2024 10:54:50 ---
/LowResSolution2D/CoarseMesh/coarseDOFs.showColor = 1 1 1 1

--- NEW SESSION: 17/05/2024 11:37:01 ---
/HighResSolution2D/DOFs.showColor = 1 1 1 1
/LowResSolution2D/ConstantForceField.showColor = 0.2 0.2 0.8 1
/HighResSolution2D/ConstantForceField.showColor = 0.2 0.2 0.8 1
/LowResSolution2D/ROI2.drawBoxes = 1

--- NEW SESSION: 17/05/2024 11:40:43 ---
/LowResSolution2D/ROI2.drawBoxes = 1

--- NEW SESSION: 17/05/2024 11:42:00 ---
/LowResSolution2D/ROI2.drawBoxes = 1

--- NEW SESSION: 03/06/2024 15:33:33 ---
/LowResSolution2D/DOFs.showColor = 1 1 1 1
/LowResSolution2D/DOFs.showColor = 1 1 1 1
/LowResSolution2D/DOFs.showColor = 1 1 1 1

--- NEW SESSION: 04/06/2024 10:02:54 ---
/LowResSolution2D/DOFs.showColor = 1 1 1 1

--- NEW SESSION: 04/06/2024 10:03:43 ---
/LowResSolution2D/DOFs.showColor = 1 1 1 1

--- NEW SESSION: 12/06/2024 10:47:18 ---
/HighResSolution2D/DOFs.showColor = 1 1 1 1

--- NEW SESSION: 27/06/2024 17:22:17 ---
/LowResSolution2D/DOFs.showIndices = 1
/LowResSolution2D/DOFs.showColor = 1 1 1 1
/LowResSolution2D/CoarseMesh/coarseDOFs.showIndices = 0
/LowResSolution2D/CoarseMesh/coarseDOFs.showColor = 1 1 1 1

--- NEW SESSION: 27/06/2024 17:25:59 ---
/LowResSolution2D/DOFs.showObject = 1
/LowResSolution2D/DOFs.showIndices = 0
/LowResSolution2D/DOFs.showColor = 1 1 1 1

--- NEW SESSION: 28/06/2024 09:53:12 ---
/LowResSolution2D/visual/OglModel.material = Default Diffuse 1 1 0 0 0.2 Ambient 1 0.2 0 0 0.2 Specular 0 1 0 0 0.2 Emissive 0 1 0 0 0.2 Shininess 0 45 

--- NEW SESSION: 01/07/2024 16:04:02 ---
/HighResSolution2D/ConstantForceField.showColor = 0.2 0.2 0.8 1
/LowResSolution2D/ConstantForceField.showColor = 0.2 0.2 0.8 1
/LowResSolution2D/ConstantForceField.showColor = 0.2 0.2 0.8 1
/HighResSolution2D/ConstantForceField.showColor = 0.2 0.2 0.8 1
/LowResSolution2D/ConstantForceField.showColor = 0.2 0.2 0.8 1
/HighResSolution2D/ConstantForceField.showColor = 0.2 0.2 0.8 1
/LowResSolution2D/ConstantForceField.showColor = 0.2 0.2 0.8 1

--- NEW SESSION: 01/07/2024 16:06:41 ---
/LowResSolution2D/ConstantForceField.showColor = 0.2 0.2 0.8 1
/LowResSolution2D/ConstantForceField.showColor = 0.2 0.2 0.8 1
/LowResSolution2D/ConstantForceField.showColor = 0.2 0.2 0.8 1
